Line 49: Class Crystal.CrystalReport of control Imprimir was not a loaded control class.
Line 52: The property name _extentx in Imprimir is invalid.
Line 53: The property name _extenty in Imprimir is invalid.
Line 54: The property name _stockprops in Imprimir is invalid.
Line 55: The property name reportfilename in Imprimir is invalid.
Line 56: The property name destination in Imprimir is invalid.
Line 57: The property name windowleft in Imprimir is invalid.
Line 58: The property name windowtop in Imprimir is invalid.
Line 59: The property name windowwidth in Imprimir is invalid.
Line 60: The property name windowheight in Imprimir is invalid.
Line 61: The property name windowtitle in Imprimir is invalid.
Line 62: The property name windowborderstyle in Imprimir is invalid.
Line 63: The property name windowcontrolbox in Imprimir is invalid.
Line 64: The property name windowmaxbutton in Imprimir is invalid.
Line 65: The property name windowminbutton in Imprimir is invalid.
Line 66: The property name copiestoprinter in Imprimir is invalid.
Line 67: The property name printfilename in Imprimir is invalid.
Line 68: The property name printfiletype in Imprimir is invalid.
Line 69: The property name selectionformula in Imprimir is invalid.
Line 70: The property name groupselectionformula in Imprimir is invalid.
Line 71: The property name connect in Imprimir is invalid.
Line 72: The property name username in Imprimir is invalid.
Line 73: The property name reportsource in Imprimir is invalid.
Line 74: The property name boundreportheading in Imprimir is invalid.
Line 75: The property name boundreportfooter in Imprimir is invalid.
